<?xml version="1.0" encoding="UTF-8"?>
<!-- Generated by org.testng.reporters.JUnitReportReporter -->
<testsuite hostname="DESKTOP-7VMKA81" failures="0" tests="1" name="project_locator.firstProject" time="4.440" errors="0" timestamp="2023-02-08T19:54:36 BDT" skipped="0">
  <testcase classname="project_locator.firstProject" name="mainTest" time="4.440"/>
  <system-out/>
</testsuite> <!-- project_locator.firstProject -->
